<?xml version="1.0" encoding="UTF-8"?>
<!-- Generated by org.testng.reporters.JUnitReportReporter -->
<testsuite hostname="cpj" name="com.yiibai.primera.testng.cases.PersonalCenterTest" tests="16" failures="8" timestamp="27 Sep 2017 03:23:21 GMT" time="562.535" errors="0">
  <testcase name="Logout" time="13.844" classname="com.yiibai.primera.testng.cases.PersonalCenterTest"/>
  <testcase name="editPasswordMoreThanTwentyFiveChars" time="50.711" classname="com.yiibai.primera.testng.cases.PersonalCenterTest">
    <failure type="java.lang.Throwable">
      <![CDATA[java.lang.Throwable
	at 
报错信息: 修改用户登录密码失败; expected [true] but found [false].
报错方法名:editPasswordMoreThanTwentyFiveChars(
报错类:PersonalCenterTest
报错行号:95)
	at com.yiibai.primera.testng.cases.PersonalCenterTest.editPasswordMoreThanTwentyFiveChars(PersonalCenterTest.java:95)
]]>
    </failure>
  </testcase> <!-- editPasswordMoreThanTwentyFiveChars -->
  <testcase name="clearCache" time="14.041" classname="com.yiibai.primera.testng.cases.PersonalCenterTest"/>
  <testcase name="clearFirstCollection" time="20.517" classname="com.yiibai.primera.testng.cases.PersonalCenterTest"/>
  <testcase name="editPasswordNotEqualWithConfirmed" time="49.279" classname="com.yiibai.primera.testng.cases.PersonalCenterTest">
    <failure type="java.lang.Throwable">
      <![CDATA[java.lang.Throwable
	at 
报错信息: 修改用户登录密码失败; expected [true] but found [false].
报错方法名:editPasswordNotEqualWithConfirmed(
报错类:PersonalCenterTest
报错行号:101)
	at com.yiibai.primera.testng.cases.PersonalCenterTest.editPasswordNotEqualWithConfirmed(PersonalCenterTest.java:101)
]]>
    </failure>
  </testcase> <!-- editPasswordNotEqualWithConfirmed -->
  <testcase name="editAccountExited" time="38.266" classname="com.yiibai.primera.testng.cases.PersonalCenterTest">
    <failure type="java.lang.Throwable">
      <![CDATA[java.lang.Throwable
	at 
报错信息: 编辑用户登录账号失败; expected [true] but found [false].
报错方法名:editAccountExited(
报错类:PersonalCenterTest
报错行号:55)
	at com.yiibai.primera.testng.cases.PersonalCenterTest.editAccountExited(PersonalCenterTest.java:55)
]]>
    </failure>
  </testcase> <!-- editAccountExited -->
  <testcase name="editPasswordEqualOld" time="49.338" classname="com.yiibai.primera.testng.cases.PersonalCenterTest">
    <failure type="java.lang.Throwable">
      <![CDATA[java.lang.Throwable
	at 
报错信息: 修改用户登录密码失败; expected [true] but found [false].
报错方法名:editPasswordEqualOld(
报错类:PersonalCenterTest
报错行号:77)
	at com.yiibai.primera.testng.cases.PersonalCenterTest.editPasswordEqualOld(PersonalCenterTest.java:77)
]]>
    </failure>
  </testcase> <!-- editPasswordEqualOld -->
  <testcase name="editAccountLessThanSixChars" time="35.710" classname="com.yiibai.primera.testng.cases.PersonalCenterTest">
    <failure type="java.lang.Throwable">
      <![CDATA[java.lang.Throwable
	at 
报错信息: 编辑用户登录账号失败; expected [true] but found [false].
报错方法名:editAccountLessThanSixChars(
报错类:PersonalCenterTest
报错行号:61)
	at com.yiibai.primera.testng.cases.PersonalCenterTest.editAccountLessThanSixChars(PersonalCenterTest.java:61)
]]>
    </failure>
  </testcase> <!-- editAccountLessThanSixChars -->
  <testcase name="editPasswordConfirm" time="48.830" classname="com.yiibai.primera.testng.cases.PersonalCenterTest"/>
  <testcase name="editAccountConfirm" time="32.679" classname="com.yiibai.primera.testng.cases.PersonalCenterTest"/>
  <testcase name="editPasswordWrongOldPwd" time="51.792" classname="com.yiibai.primera.testng.cases.PersonalCenterTest">
    <failure type="java.lang.Throwable">
      <![CDATA[java.lang.Throwable
	at 
报错信息: 修改用户登录密码失败; expected [true] but found [false].
报错方法名:editPasswordWrongOldPwd(
报错类:PersonalCenterTest
报错行号:83)
	at com.yiibai.primera.testng.cases.PersonalCenterTest.editPasswordWrongOldPwd(PersonalCenterTest.java:83)
]]>
    </failure>
  </testcase> <!-- editPasswordWrongOldPwd -->
  <testcase name="clearAllCollection" time="20.369" classname="com.yiibai.primera.testng.cases.PersonalCenterTest"/>
  <testcase name="editUsernameConfirm" time="29.863" classname="com.yiibai.primera.testng.cases.PersonalCenterTest"/>
  <testcase name="editUsernameLessThanFourChars" time="38.140" classname="com.yiibai.primera.testng.cases.PersonalCenterTest">
    <failure type="java.lang.Throwable">
      <![CDATA[java.lang.Throwable
	at 
报错信息: 编辑用户昵称失败; expected [true] but found [false].
报错方法名:editUsernameLessThanFourChars(
报错类:PersonalCenterTest
报错行号:39)
	at com.yiibai.primera.testng.cases.PersonalCenterTest.editUsernameLessThanFourChars(PersonalCenterTest.java:39)
]]>
    </failure>
  </testcase> <!-- editUsernameLessThanFourChars -->
  <testcase name="readFirstCollection" time="19.030" classname="com.yiibai.primera.testng.cases.PersonalCenterTest"/>
  <testcase name="editPasswordLessThanSixChars" time="50.126" classname="com.yiibai.primera.testng.cases.PersonalCenterTest">
    <failure type="java.lang.Throwable">
      <![CDATA[java.lang.Throwable
	at 
报错信息: 修改用户登录密码失败; expected [true] but found [false].
报错方法名:editPasswordLessThanSixChars(
报错类:PersonalCenterTest
报错行号:89)
	at com.yiibai.primera.testng.cases.PersonalCenterTest.editPasswordLessThanSixChars(PersonalCenterTest.java:89)
]]>
    </failure>
  </testcase> <!-- editPasswordLessThanSixChars -->
</testsuite> <!-- com.yiibai.primera.testng.cases.PersonalCenterTest -->
