<?xml version="1.0" encoding="UTF-8"?>
<!-- Generated by org.testng.reporters.JUnitReportReporter -->
<testsuite hostname="cpj" name="com.yiibai.primera.testng.cases.HomeTest" tests="1" failures="0" timestamp="29 Aug 2017 08:28:51 GMT" time="45.211" errors="0">
  <testcase name="menusEdit" time="45.211" classname="com.yiibai.primera.testng.cases.HomeTest"/>
</testsuite> <!-- com.yiibai.primera.testng.cases.HomeTest -->
