<?xml version="1.0" encoding="UTF-8"?>
<!-- Generated by org.testng.reporters.JUnitReportReporter -->
<testsuite hostname="cpj" name="com.yiibai.primera.testng.cases.RegisterTest" tests="14" failures="1" timestamp="12 Sep 2017 10:25:21 GMT" time="682.490" errors="0">
  <testcase name="EmailMissKeyCharSpot" time="48.522" classname="com.yiibai.primera.testng.cases.RegisterTest"/>
  <testcase name="EmailSpotEnd" time="49.436" classname="com.yiibai.primera.testng.cases.RegisterTest"/>
  <testcase name="EmailMissKeyCharAit" time="51.100" classname="com.yiibai.primera.testng.cases.RegisterTest"/>
  <testcase name="PwdIsNull" time="47.000" classname="com.yiibai.primera.testng.cases.RegisterTest"/>
  <testcase name="PwdLessThanSix" time="46.381" classname="com.yiibai.primera.testng.cases.RegisterTest"/>
  <testcase name="RegisterExited" time="46.661" classname="com.yiibai.primera.testng.cases.RegisterTest"/>
  <testcase name="EmailWrong" time="52.299" classname="com.yiibai.primera.testng.cases.RegisterTest"/>
  <testcase name="EmailOnlyCharSpotEnd" time="47.835" classname="com.yiibai.primera.testng.cases.RegisterTest"/>
  <testcase name="PwdIsChinese" time="47.191" classname="com.yiibai.primera.testng.cases.RegisterTest"/>
  <testcase name="EmailAtEnd" time="48.958" classname="com.yiibai.primera.testng.cases.RegisterTest"/>
  <testcase name="EmailOnlyCharAitEnd" time="50.452" classname="com.yiibai.primera.testng.cases.RegisterTest"/>
  <testcase name="RegisterOk" time="48.056" classname="com.yiibai.primera.testng.cases.RegisterTest">
    <failure type="java.lang.Throwable">
      <![CDATA[java.lang.Throwable
	at 
报错信息: 邮箱和密码均符合规则的情况下是否注册成功 expected [true] but found [false].
报错方法名:RegisterOk(
报错类:RegisterTest
报错行号:35)
	at com.yiibai.primera.testng.cases.RegisterTest.RegisterOk(RegisterTest.java:35)
]]>
    </failure>
  </testcase> <!-- RegisterOk -->
  <testcase name="EmailMissKeyChars" time="53.331" classname="com.yiibai.primera.testng.cases.RegisterTest"/>
  <testcase name="PwdMoreThanTwentyFive" time="45.268" classname="com.yiibai.primera.testng.cases.RegisterTest"/>
</testsuite> <!-- com.yiibai.primera.testng.cases.RegisterTest -->
