<?xml version="1.0" encoding="UTF-8"?>
<!-- Generated by org.testng.reporters.JUnitReportReporter -->
<testsuite hostname="cpj" name="com.yiibai.primera.testng.cases.RegisterTest" tests="14" failures="1" timestamp="28 Aug 2017 08:09:26 GMT" time="101.964" errors="0">
  <testcase name="EmailMissKeyChars" time="42.983" classname="com.yiibai.primera.testng.cases.RegisterTest"/>
  <testcase name="EmailWrong" time="6.498" classname="com.yiibai.primera.testng.cases.RegisterTest"/>
  <testcase name="PwdMoreThanTwentyFive" time="4.145" classname="com.yiibai.primera.testng.cases.RegisterTest"/>
  <testcase name="EmailSpotEnd" time="4.100" classname="com.yiibai.primera.testng.cases.RegisterTest"/>
  <testcase name="PwdLessThanSix" time="4.019" classname="com.yiibai.primera.testng.cases.RegisterTest"/>
  <testcase name="RegisterExited" time="4.096" classname="com.yiibai.primera.testng.cases.RegisterTest"/>
  <testcase name="EmailMissKeyCharAit" time="5.050" classname="com.yiibai.primera.testng.cases.RegisterTest"/>
  <testcase name="PwdIsNull" time="5.141" classname="com.yiibai.primera.testng.cases.RegisterTest"/>
  <testcase name="EmailAitEnd" time="4.230" classname="com.yiibai.primera.testng.cases.RegisterTest"/>
  <testcase name="EmailOnlyCharSpotEnd" time="4.518" classname="com.yiibai.primera.testng.cases.RegisterTest"/>
  <testcase name="EmailOnlyCharAitEnd" time="4.277" classname="com.yiibai.primera.testng.cases.RegisterTest"/>
  <testcase name="PwdIsChinese" time="4.015" classname="com.yiibai.primera.testng.cases.RegisterTest"/>
  <testcase name="EmailMissKeyCharSpot" time="4.667" classname="com.yiibai.primera.testng.cases.RegisterTest"/>
  <testcase name="RegisterOk" time="4.225" classname="com.yiibai.primera.testng.cases.RegisterTest">
    <failure type="java.lang.Throwable">
      <![CDATA[java.lang.Throwable
	at 
报错信息: 邮箱和密码均符合规则的情况下是否注册成功 expected [true] but found [false].
报错方法名:RegisterOk(
报错类:RegisterTest
报错行号:36)
	at com.yiibai.primera.testng.cases.RegisterTest.RegisterOk(RegisterTest.java:36)
]]>
    </failure>
  </testcase> <!-- RegisterOk -->
</testsuite> <!-- com.yiibai.primera.testng.cases.RegisterTest -->
