<?xml version="1.0" encoding="UTF-8"?>
<!-- Generated by org.testng.reporters.JUnitReportReporter -->
<testsuite hostname="cpj" name="com.yiibai.primera.testng.cases.Index" tests="1" failures="0" timestamp="17 Aug 2017 05:40:13 GMT" time="12.125" errors="0">
  <testcase name="loginErrorUser" time="12.125" classname="com.yiibai.primera.testng.cases.Index"/>
</testsuite> <!-- com.yiibai.primera.testng.cases.Index -->
