<?xml version="1.0" encoding="UTF-8"?>
<!-- Generated by org.testng.reporters.JUnitReportReporter -->
<testsuite hostname="cpj" name="com.yiibai.primera.testng.cases.PersonalCenterTest" tests="16" failures="9" timestamp="26 Sep 2017 07:42:09 GMT" time="542.910" errors="0">
  <testcase name="readFirstCollection" time="8.111" classname="com.yiibai.primera.testng.cases.PersonalCenterTest"/>
  <testcase name="editPasswordWrongOldPwd" time="50.334" classname="com.yiibai.primera.testng.cases.PersonalCenterTest">
    <failure type="java.lang.Throwable">
      <![CDATA[java.lang.Throwable
	at 
报错信息: 修改用户登录密码失败; expected [true] but found [false].
报错方法名:editPasswordWrongOldPwd(
报错类:PersonalCenterTest
报错行号:82)
	at com.yiibai.primera.testng.cases.PersonalCenterTest.editPasswordWrongOldPwd(PersonalCenterTest.java:82)
]]>
    </failure>
  </testcase> <!-- editPasswordWrongOldPwd -->
  <testcase name="editPasswordConfirm" time="49.288" classname="com.yiibai.primera.testng.cases.PersonalCenterTest"/>
  <testcase name="clearFirstCollection" time="21.162" classname="com.yiibai.primera.testng.cases.PersonalCenterTest"/>
  <testcase name="editUsernameConfirm" time="31.041" classname="com.yiibai.primera.testng.cases.PersonalCenterTest"/>
  <testcase name="editPasswordLessThanSixChars" time="43.065" classname="com.yiibai.primera.testng.cases.PersonalCenterTest">
    <failure type="java.lang.Throwable">
      <![CDATA[java.lang.Throwable
	at 
报错信息: 修改用户登录密码失败; expected [true] but found [false].
报错方法名:editPasswordLessThanSixChars(
报错类:PersonalCenterTest
报错行号:88)
	at com.yiibai.primera.testng.cases.PersonalCenterTest.editPasswordLessThanSixChars(PersonalCenterTest.java:88)
]]>
    </failure>
  </testcase> <!-- editPasswordLessThanSixChars -->
  <testcase name="editUsernameLessThanFourChars" time="38.801" classname="com.yiibai.primera.testng.cases.PersonalCenterTest">
    <failure type="java.lang.Throwable">
      <![CDATA[java.lang.Throwable
	at 
报错信息: 编辑用户昵称失败;---(编辑前后用户昵称不一致); expected [true] but found [false].
报错方法名:editUsernameLessThanFourChars(
报错类:PersonalCenterTest
报错行号:44)
	at com.yiibai.primera.testng.cases.PersonalCenterTest.editUsernameLessThanFourChars(PersonalCenterTest.java:44)
]]>
    </failure>
  </testcase> <!-- editUsernameLessThanFourChars -->
  <testcase name="Logout" time="3.573" classname="com.yiibai.primera.testng.cases.PersonalCenterTest">
    <failure type="java.lang.Throwable">
      <![CDATA[java.lang.Throwable
	at 
报错信息: 请定位到APP个人中心界面！ expected [true] but found [false].
报错方法名:Logout(
报错类:PersonalCenterTest
报错行号:154)
	at com.yiibai.primera.testng.cases.PersonalCenterTest.Logout(PersonalCenterTest.java:154)
]]>
    </failure>
  </testcase> <!-- Logout -->
  <testcase name="clearCache" time="14.397" classname="com.yiibai.primera.testng.cases.PersonalCenterTest"/>
  <testcase name="editAccountExited" time="36.932" classname="com.yiibai.primera.testng.cases.PersonalCenterTest">
    <failure type="java.lang.Throwable">
      <![CDATA[java.lang.Throwable
	at 
报错信息: 编辑用户登录账号失败; expected [true] but found [false].
报错方法名:editAccountExited(
报错类:PersonalCenterTest
报错行号:54)
	at com.yiibai.primera.testng.cases.PersonalCenterTest.editAccountExited(PersonalCenterTest.java:54)
]]>
    </failure>
  </testcase> <!-- editAccountExited -->
  <testcase name="editPasswordMoreThanTwentyFiveChars" time="50.346" classname="com.yiibai.primera.testng.cases.PersonalCenterTest">
    <failure type="java.lang.Throwable">
      <![CDATA[java.lang.Throwable
	at 
报错信息: 修改用户登录密码失败; expected [true] but found [false].
报错方法名:editPasswordMoreThanTwentyFiveChars(
报错类:PersonalCenterTest
报错行号:94)
	at com.yiibai.primera.testng.cases.PersonalCenterTest.editPasswordMoreThanTwentyFiveChars(PersonalCenterTest.java:94)
]]>
    </failure>
  </testcase> <!-- editPasswordMoreThanTwentyFiveChars -->
  <testcase name="editAccountConfirm" time="34.892" classname="com.yiibai.primera.testng.cases.PersonalCenterTest"/>
  <testcase name="editPasswordEqualOld" time="52.036" classname="com.yiibai.primera.testng.cases.PersonalCenterTest">
    <failure type="java.lang.Throwable">
      <![CDATA[java.lang.Throwable
	at 
报错信息: 修改用户登录密码失败; expected [true] but found [false].
报错方法名:editPasswordEqualOld(
报错类:PersonalCenterTest
报错行号:76)
	at com.yiibai.primera.testng.cases.PersonalCenterTest.editPasswordEqualOld(PersonalCenterTest.java:76)
]]>
    </failure>
  </testcase> <!-- editPasswordEqualOld -->
  <testcase name="editPasswordNotEqualWithConfirmed" time="47.132" classname="com.yiibai.primera.testng.cases.PersonalCenterTest">
    <failure type="java.lang.Throwable">
      <![CDATA[java.lang.Throwable
	at 
报错信息: 修改用户登录密码失败; expected [true] but found [false].
报错方法名:editPasswordNotEqualWithConfirmed(
报错类:PersonalCenterTest
报错行号:100)
	at com.yiibai.primera.testng.cases.PersonalCenterTest.editPasswordNotEqualWithConfirmed(PersonalCenterTest.java:100)
]]>
    </failure>
  </testcase> <!-- editPasswordNotEqualWithConfirmed -->
  <testcase name="clearAllCollection" time="23.257" classname="com.yiibai.primera.testng.cases.PersonalCenterTest"/>
  <testcase name="editAccountLessThanSixChars" time="38.543" classname="com.yiibai.primera.testng.cases.PersonalCenterTest">
    <failure type="java.lang.Throwable">
      <![CDATA[java.lang.Throwable
	at 
报错信息: 编辑用户登录账号失败; expected [true] but found [false].
报错方法名:editAccountLessThanSixChars(
报错类:PersonalCenterTest
报错行号:60)
	at com.yiibai.primera.testng.cases.PersonalCenterTest.editAccountLessThanSixChars(PersonalCenterTest.java:60)
]]>
    </failure>
  </testcase> <!-- editAccountLessThanSixChars -->
</testsuite> <!-- com.yiibai.primera.testng.cases.PersonalCenterTest -->
