<?xml version="1.0" encoding="UTF-8"?>
<!-- Generated by org.testng.reporters.JUnitReportReporter -->
<testsuite hostname="cpj" name="com.yiibai.primera.testng.cases.RegisterTest" tests="13" failures="13" timestamp="26 Sep 2017 07:42:09 GMT" time="730.299" errors="0">
  <testcase name="PwdIsChinese" time="49.338" classname="com.yiibai.primera.testng.cases.RegisterTest">
    <failure type="java.lang.Throwable">
      <![CDATA[java.lang.Throwable
	at 
报错信息: expected [true] but found [false].
报错方法名:PwdIsChinese(
报错类:RegisterTest
报错行号:146)
	at com.yiibai.primera.testng.cases.RegisterTest.PwdIsChinese(RegisterTest.java:146)
]]>
    </failure>
  </testcase> <!-- PwdIsChinese -->
  <testcase name="EmailSpotEnd" time="55.097" classname="com.yiibai.primera.testng.cases.RegisterTest">
    <failure type="java.lang.Throwable">
      <![CDATA[java.lang.Throwable
	at 
报错信息: expected [true] but found [false].
报错方法名:EmailSpotEnd(
报错类:RegisterTest
报错行号:96)
	at com.yiibai.primera.testng.cases.RegisterTest.EmailSpotEnd(RegisterTest.java:96)
]]>
    </failure>
  </testcase> <!-- EmailSpotEnd -->
  <testcase name="RegisterOk" time="56.161" classname="com.yiibai.primera.testng.cases.RegisterTest">
    <failure type="java.lang.Throwable">
      <![CDATA[java.lang.Throwable
	at 
报错信息: expected [true] but found [false].
报错方法名:RegisterOk(
报错类:RegisterTest
报错行号:36)
	at com.yiibai.primera.testng.cases.RegisterTest.RegisterOk(RegisterTest.java:36)
]]>
    </failure>
  </testcase> <!-- RegisterOk -->
  <testcase name="EmailMissKeyChars" time="58.493" classname="com.yiibai.primera.testng.cases.RegisterTest">
    <failure type="java.lang.Throwable">
      <![CDATA[java.lang.Throwable
	at 
报错信息: expected [true] but found [false].
报错方法名:EmailMissKeyChars(
报错类:RegisterTest
报错行号:46)
	at com.yiibai.primera.testng.cases.RegisterTest.EmailMissKeyChars(RegisterTest.java:46)
]]>
    </failure>
  </testcase> <!-- EmailMissKeyChars -->
  <testcase name="PwdLessThanSix" time="57.433" classname="com.yiibai.primera.testng.cases.RegisterTest">
    <failure type="java.lang.Throwable">
      <![CDATA[java.lang.Throwable
	at 
报错信息: expected [true] but found [false].
报错方法名:PwdLessThanSix(
报错类:RegisterTest
报错行号:126)
	at com.yiibai.primera.testng.cases.RegisterTest.PwdLessThanSix(RegisterTest.java:126)
]]>
    </failure>
  </testcase> <!-- PwdLessThanSix -->
  <testcase name="EmailOnlyCharSpotEnd" time="56.313" classname="com.yiibai.primera.testng.cases.RegisterTest">
    <failure type="java.lang.Throwable">
      <![CDATA[java.lang.Throwable
	at 
报错信息: expected [true] but found [false].
报错方法名:EmailOnlyCharSpotEnd(
报错类:RegisterTest
报错行号:86)
	at com.yiibai.primera.testng.cases.RegisterTest.EmailOnlyCharSpotEnd(RegisterTest.java:86)
]]>
    </failure>
  </testcase> <!-- EmailOnlyCharSpotEnd -->
  <testcase name="PwdMoreThanTwentyFive" time="57.948" classname="com.yiibai.primera.testng.cases.RegisterTest">
    <failure type="java.lang.Throwable">
      <![CDATA[java.lang.Throwable
	at 
报错信息: expected [true] but found [false].
报错方法名:PwdMoreThanTwentyFive(
报错类:RegisterTest
报错行号:136)
	at com.yiibai.primera.testng.cases.RegisterTest.PwdMoreThanTwentyFive(RegisterTest.java:136)
]]>
    </failure>
  </testcase> <!-- PwdMoreThanTwentyFive -->
  <testcase name="EmailMissKeyCharAit" time="57.001" classname="com.yiibai.primera.testng.cases.RegisterTest">
    <failure type="java.lang.Throwable">
      <![CDATA[java.lang.Throwable
	at 
报错信息: expected [true] but found [false].
报错方法名:EmailMissKeyCharAit(
报错类:RegisterTest
报错行号:66)
	at com.yiibai.primera.testng.cases.RegisterTest.EmailMissKeyCharAit(RegisterTest.java:66)
]]>
    </failure>
  </testcase> <!-- EmailMissKeyCharAit -->
  <testcase name="EmailOnlyCharAitEnd" time="57.146" classname="com.yiibai.primera.testng.cases.RegisterTest">
    <failure type="java.lang.Throwable">
      <![CDATA[java.lang.Throwable
	at 
报错信息: expected [true] but found [false].
报错方法名:EmailOnlyCharAitEnd(
报错类:RegisterTest
报错行号:76)
	at com.yiibai.primera.testng.cases.RegisterTest.EmailOnlyCharAitEnd(RegisterTest.java:76)
]]>
    </failure>
  </testcase> <!-- EmailOnlyCharAitEnd -->
  <testcase name="EmailMissKeyCharSpot" time="55.832" classname="com.yiibai.primera.testng.cases.RegisterTest">
    <failure type="java.lang.Throwable">
      <![CDATA[java.lang.Throwable
	at 
报错信息: expected [true] but found [false].
报错方法名:EmailMissKeyCharSpot(
报错类:RegisterTest
报错行号:56)
	at com.yiibai.primera.testng.cases.RegisterTest.EmailMissKeyCharSpot(RegisterTest.java:56)
]]>
    </failure>
  </testcase> <!-- EmailMissKeyCharSpot -->
  <testcase name="EmailAtEnd" time="57.530" classname="com.yiibai.primera.testng.cases.RegisterTest">
    <failure type="java.lang.Throwable">
      <![CDATA[java.lang.Throwable
	at 
报错信息: expected [true] but found [false].
报错方法名:EmailAtEnd(
报错类:RegisterTest
报错行号:106)
	at com.yiibai.primera.testng.cases.RegisterTest.EmailAtEnd(RegisterTest.java:106)
]]>
    </failure>
  </testcase> <!-- EmailAtEnd -->
  <testcase name="EmailWrong" time="57.442" classname="com.yiibai.primera.testng.cases.RegisterTest">
    <failure type="java.lang.Throwable">
      <![CDATA[java.lang.Throwable
	at 
报错信息: expected [true] but found [false].
报错方法名:EmailWrong(
报错类:RegisterTest
报错行号:116)
	at com.yiibai.primera.testng.cases.RegisterTest.EmailWrong(RegisterTest.java:116)
]]>
    </failure>
  </testcase> <!-- EmailWrong -->
  <testcase name="RegisterExited" time="54.565" classname="com.yiibai.primera.testng.cases.RegisterTest">
    <failure type="java.lang.Throwable">
      <![CDATA[java.lang.Throwable
	at 
报错信息: expected [true] but found [false].
报错方法名:RegisterExited(
报错类:RegisterTest
报错行号:169)
	at com.yiibai.primera.testng.cases.RegisterTest.RegisterExited(RegisterTest.java:169)
]]>
    </failure>
  </testcase> <!-- RegisterExited -->
</testsuite> <!-- com.yiibai.primera.testng.cases.RegisterTest -->
