<?xml version="1.0" encoding="UTF-8"?>
<!-- Generated by org.testng.reporters.JUnitReportReporter -->
<testsuite hostname="cpj" name="com.yiibai.primera.testng.cases.NewsDetailsTest" tests="5" failures="0" timestamp="22 Sep 2017 04:24:50 GMT" time="71.966" errors="0">
  <testcase name="comment" time="16.181" classname="com.yiibai.primera.testng.cases.NewsDetailsTest"/>
  <testcase name="collect" time="7.714" classname="com.yiibai.primera.testng.cases.NewsDetailsTest"/>
  <testcase name="fontSize" time="25.101" classname="com.yiibai.primera.testng.cases.NewsDetailsTest"/>
  <testcase name="like" time="13.047" classname="com.yiibai.primera.testng.cases.NewsDetailsTest"/>
  <testcase name="imageSwitch" time="9.923" classname="com.yiibai.primera.testng.cases.NewsDetailsTest"/>
</testsuite> <!-- com.yiibai.primera.testng.cases.NewsDetailsTest -->
