<?xml version="1.0" encoding="UTF-8"?>
<!-- Generated by org.testng.reporters.JUnitReportReporter -->
<testsuite hostname="cpj" name="com.yiibai.primera.testng.cases.HomeTest" tests="1" failures="1" timestamp="18 Sep 2017 05:49:19 GMT" time="11.763" errors="0">
  <testcase name="allMenusDroped" time="11.763" classname="com.yiibai.primera.testng.cases.HomeTest">
    <failure type="java.lang.Throwable">
      <![CDATA[java.lang.Throwable
	at 
报错信息: expected [true] but found [false].
报错方法名:allMenusDroped(
报错类:HomeTest
报错行号:56)
	at com.yiibai.primera.testng.cases.HomeTest.allMenusDroped(HomeTest.java:56)
]]>
    </failure>
  </testcase> <!-- allMenusDroped -->
</testsuite> <!-- com.yiibai.primera.testng.cases.HomeTest -->
