<?xml version="1.0" encoding="UTF-8"?>
<!-- Generated by org.testng.reporters.JUnitReportReporter -->
<testsuite hostname="cpj" name="com.yiibai.primera.testng.cases.NewsDetailsTest" tests="1" failures="0" timestamp="29 Aug 2017 02:32:01 GMT" time="21.185" errors="0">
  <testcase name="comment" time="21.185" classname="com.yiibai.primera.testng.cases.NewsDetailsTest"/>
</testsuite> <!-- com.yiibai.primera.testng.cases.NewsDetailsTest -->
