<?xml version="1.0" encoding="UTF-8"?>
<!-- Generated by org.testng.reporters.JUnitReportReporter -->
<testsuite hostname="cpj" name="com.yiibai.primera.testng.cases.Register" tests="14" failures="1" timestamp="17 Aug 2017 09:13:58 GMT" time="681.773" errors="0">
  <testcase name="EmailSpotEnd" time="46.470" classname="com.yiibai.primera.testng.cases.Register"/>
  <testcase name="EmailMissKeyChars" time="50.557" classname="com.yiibai.primera.testng.cases.Register"/>
  <testcase name="PwdIsChinese" time="48.835" classname="com.yiibai.primera.testng.cases.Register"/>
  <testcase name="PwdLessThanSix" time="47.536" classname="com.yiibai.primera.testng.cases.Register"/>
  <testcase name="EmailWrong" time="49.736" classname="com.yiibai.primera.testng.cases.Register"/>
  <testcase name="EmailMissKeyCharSpot" time="49.035" classname="com.yiibai.primera.testng.cases.Register"/>
  <testcase name="EmailOnlyCharSpotEnd" time="49.417" classname="com.yiibai.primera.testng.cases.Register"/>
  <testcase name="EmailAitEnd" time="47.449" classname="com.yiibai.primera.testng.cases.Register"/>
  <testcase name="RegisterOk" time="50.135" classname="com.yiibai.primera.testng.cases.Register">
    <failure type="java.lang.Throwable">
      <![CDATA[java.lang.Throwable
	at 
报错信息: 邮箱和密码均符合规则的情况下是否注册成功 expected [true] but found [false].
报错方法名:RegisterOk(
报错类:Register
报错行号:36)
	at com.yiibai.primera.testng.cases.Register.RegisterOk(Register.java:36)
]]>
    </failure>
  </testcase> <!-- RegisterOk -->
  <testcase name="RegisterExited" time="48.518" classname="com.yiibai.primera.testng.cases.Register"/>
  <testcase name="EmailOnlyCharAitEnd" time="44.884" classname="com.yiibai.primera.testng.cases.Register"/>
  <testcase name="EmailMissKeyCharAit" time="46.968" classname="com.yiibai.primera.testng.cases.Register"/>
  <testcase name="PwdIsNull" time="51.218" classname="com.yiibai.primera.testng.cases.Register"/>
  <testcase name="PwdMoreThanTwentyFive" time="51.015" classname="com.yiibai.primera.testng.cases.Register"/>
</testsuite> <!-- com.yiibai.primera.testng.cases.Register -->
