<?xml version="1.0" encoding="UTF-8"?>
<!-- Generated by org.testng.reporters.JUnitReportReporter -->
<testsuite hostname="cpj" name="com.yiibai.primera.testng.cases.HomeTest" tests="8" failures="0" timestamp="28 Sep 2017 06:12:23 GMT" time="363.549" errors="0">
  <testcase name="searchByInputChinese" time="40.694" classname="com.yiibai.primera.testng.cases.HomeTest"/>
  <testcase name="searchByInputEnglish" time="55.671" classname="com.yiibai.primera.testng.cases.HomeTest"/>
  <testcase name="searchByHistory" time="49.724" classname="com.yiibai.primera.testng.cases.HomeTest"/>
  <testcase name="changeToVideos" time="13.761" classname="com.yiibai.primera.testng.cases.HomeTest"/>
  <testcase name="changeTopMenus" time="27.305" classname="com.yiibai.primera.testng.cases.HomeTest"/>
  <testcase name="clearSearchedHistory" time="32.730" classname="com.yiibai.primera.testng.cases.HomeTest"/>
  <testcase name="morningPaper" time="11.542" classname="com.yiibai.primera.testng.cases.HomeTest"/>
  <testcase name="autoMenuEdit" time="132.122" classname="com.yiibai.primera.testng.cases.HomeTest"/>
</testsuite> <!-- com.yiibai.primera.testng.cases.HomeTest -->
