<?xml version="1.0" encoding="UTF-8"?>
<!-- Generated by org.testng.reporters.JUnitReportReporter -->
<testsuite hostname="cpj" name="com.yiibai.primera.testng.cases.RegisterTest" tests="14" failures="1" timestamp="13 Sep 2017 01:44:33 GMT" time="844.343" errors="0">
  <testcase name="EmailMissKeyCharAit" time="63.290" classname="com.yiibai.primera.testng.cases.RegisterTest"/>
  <testcase name="RegisterOk" time="58.667" classname="com.yiibai.primera.testng.cases.RegisterTest">
    <failure type="java.lang.Throwable">
      <![CDATA[java.lang.Throwable
	at 
报错信息: 邮箱和密码均符合规则的情况下是否注册成功 expected [true] but found [false].
报错方法名:RegisterOk(
报错类:RegisterTest
报错行号:35)
	at com.yiibai.primera.testng.cases.RegisterTest.RegisterOk(RegisterTest.java:35)
]]>
    </failure>
  </testcase> <!-- RegisterOk -->
  <testcase name="EmailSpotEnd" time="60.576" classname="com.yiibai.primera.testng.cases.RegisterTest"/>
  <testcase name="EmailAtEnd" time="54.006" classname="com.yiibai.primera.testng.cases.RegisterTest"/>
  <testcase name="EmailMissKeyChars" time="64.801" classname="com.yiibai.primera.testng.cases.RegisterTest"/>
  <testcase name="EmailMissKeyCharSpot" time="68.439" classname="com.yiibai.primera.testng.cases.RegisterTest"/>
  <testcase name="PwdIsChinese" time="58.243" classname="com.yiibai.primera.testng.cases.RegisterTest"/>
  <testcase name="EmailOnlyCharAitEnd" time="58.865" classname="com.yiibai.primera.testng.cases.RegisterTest"/>
  <testcase name="EmailOnlyCharSpotEnd" time="62.210" classname="com.yiibai.primera.testng.cases.RegisterTest"/>
  <testcase name="PwdIsNull" time="60.656" classname="com.yiibai.primera.testng.cases.RegisterTest"/>
  <testcase name="EmailWrong" time="63.734" classname="com.yiibai.primera.testng.cases.RegisterTest"/>
  <testcase name="PwdLessThanSix" time="56.447" classname="com.yiibai.primera.testng.cases.RegisterTest"/>
  <testcase name="RegisterExited" time="55.038" classname="com.yiibai.primera.testng.cases.RegisterTest"/>
  <testcase name="PwdMoreThanTwentyFive" time="59.371" classname="com.yiibai.primera.testng.cases.RegisterTest"/>
</testsuite> <!-- com.yiibai.primera.testng.cases.RegisterTest -->
