<?xml version="1.0" encoding="UTF-8"?>
<!-- Generated by org.testng.reporters.JUnitReportReporter -->
<testsuite hostname="cpj" name="com.yiibai.primera.testng.cases.LoginTest" tests="2" failures="0" timestamp="28 Aug 2017 07:27:06 GMT" time="46.517" errors="0">
  <testcase name="loginErrorNum" time="4.015" classname="com.yiibai.primera.testng.cases.LoginTest"/>
  <testcase name="loginErrorUser" time="42.502" classname="com.yiibai.primera.testng.cases.LoginTest"/>
</testsuite> <!-- com.yiibai.primera.testng.cases.LoginTest -->
