<?xml version="1.0" encoding="UTF-8"?>
<!-- Generated by org.testng.reporters.JUnitReportReporter -->
<testsuite hostname="cpj" name="com.yiibai.primera.testng.cases.Login" tests="2" failures="0" timestamp="17 Aug 2017 08:55:33 GMT" time="131.811" errors="0">
  <testcase name="loginErrorUser" time="65.427" classname="com.yiibai.primera.testng.cases.Login"/>
  <testcase name="loginErrorNum" time="66.384" classname="com.yiibai.primera.testng.cases.Login"/>
</testsuite> <!-- com.yiibai.primera.testng.cases.Login -->
