<?xml version="1.0" encoding="UTF-8"?>
<!-- Generated by org.testng.reporters.JUnitReportReporter -->
<testsuite hostname="cpj" name="com.yiibai.primera.testng.cases.PersonalCenterTest" tests="1" failures="0" timestamp="12 Sep 2017 10:25:21 GMT" time="27.187" errors="0">
  <testcase name="myCollection" time="27.187" classname="com.yiibai.primera.testng.cases.PersonalCenterTest"/>
</testsuite> <!-- com.yiibai.primera.testng.cases.PersonalCenterTest -->
