<?xml version="1.0" encoding="UTF-8"?>
<!-- Generated by org.testng.reporters.JUnitReportReporter -->
<testsuite hostname="cpj" name="com.yiibai.primera.testng.cases.PersonalCenterTest" tests="15" failures="8" timestamp="21 Sep 2017 02:02:31 GMT" time="601.290" errors="0">
  <testcase name="Logout" time="16.738" classname="com.yiibai.primera.testng.cases.PersonalCenterTest"/>
  <testcase name="editAccountLessThanSixChars" time="37.865" classname="com.yiibai.primera.testng.cases.PersonalCenterTest">
    <failure type="java.lang.Throwable">
      <![CDATA[java.lang.Throwable
	at 
报错信息: 编辑用户登录账号失败; expected [true] but found [false].
报错方法名:editAccountLessThanSixChars(
报错类:PersonalCenterTest
报错行号:60)
	at com.yiibai.primera.testng.cases.PersonalCenterTest.editAccountLessThanSixChars(PersonalCenterTest.java:60)
]]>
    </failure>
  </testcase> <!-- editAccountLessThanSixChars -->
  <testcase name="clearCache" time="18.874" classname="com.yiibai.primera.testng.cases.PersonalCenterTest"/>
  <testcase name="editAccountConfirm" time="34.540" classname="com.yiibai.primera.testng.cases.PersonalCenterTest"/>
  <testcase name="editPasswordWrongOldPwd" time="49.605" classname="com.yiibai.primera.testng.cases.PersonalCenterTest">
    <failure type="java.lang.Throwable">
      <![CDATA[java.lang.Throwable
	at 
报错信息: 修改用户登录密码失败; expected [true] but found [false].
报错方法名:editPasswordWrongOldPwd(
报错类:PersonalCenterTest
报错行号:82)
	at com.yiibai.primera.testng.cases.PersonalCenterTest.editPasswordWrongOldPwd(PersonalCenterTest.java:82)
]]>
    </failure>
  </testcase> <!-- editPasswordWrongOldPwd -->
  <testcase name="clearFirstCollection" time="27.016" classname="com.yiibai.primera.testng.cases.PersonalCenterTest"/>
  <testcase name="editUsernameLessThanFourChars" time="41.101" classname="com.yiibai.primera.testng.cases.PersonalCenterTest">
    <failure type="java.lang.Throwable">
      <![CDATA[java.lang.Throwable
	at 
报错信息: 编辑用户昵称失败;---(编辑前后用户昵称不一致); expected [true] but found [false].
报错方法名:editUsernameLessThanFourChars(
报错类:PersonalCenterTest
报错行号:44)
	at com.yiibai.primera.testng.cases.PersonalCenterTest.editUsernameLessThanFourChars(PersonalCenterTest.java:44)
]]>
    </failure>
  </testcase> <!-- editUsernameLessThanFourChars -->
  <testcase name="editPasswordMoreThanTwentyFiveChars" time="57.937" classname="com.yiibai.primera.testng.cases.PersonalCenterTest">
    <failure type="java.lang.Throwable">
      <![CDATA[java.lang.Throwable
	at 
报错信息: 修改用户登录密码失败; expected [true] but found [false].
报错方法名:editPasswordMoreThanTwentyFiveChars(
报错类:PersonalCenterTest
报错行号:94)
	at com.yiibai.primera.testng.cases.PersonalCenterTest.editPasswordMoreThanTwentyFiveChars(PersonalCenterTest.java:94)
]]>
    </failure>
  </testcase> <!-- editPasswordMoreThanTwentyFiveChars -->
  <testcase name="editPasswordConfirm" time="50.012" classname="com.yiibai.primera.testng.cases.PersonalCenterTest"/>
  <testcase name="editPasswordLessThanSixChars" time="52.371" classname="com.yiibai.primera.testng.cases.PersonalCenterTest">
    <failure type="java.lang.Throwable">
      <![CDATA[java.lang.Throwable
	at 
报错信息: 修改用户登录密码失败; expected [true] but found [false].
报错方法名:editPasswordLessThanSixChars(
报错类:PersonalCenterTest
报错行号:88)
	at com.yiibai.primera.testng.cases.PersonalCenterTest.editPasswordLessThanSixChars(PersonalCenterTest.java:88)
]]>
    </failure>
  </testcase> <!-- editPasswordLessThanSixChars -->
  <testcase name="editPasswordNotEqualWithConfirmed" time="53.912" classname="com.yiibai.primera.testng.cases.PersonalCenterTest">
    <failure type="java.lang.Throwable">
      <![CDATA[java.lang.Throwable
	at 
报错信息: 修改用户登录密码失败; expected [true] but found [false].
报错方法名:editPasswordNotEqualWithConfirmed(
报错类:PersonalCenterTest
报错行号:100)
	at com.yiibai.primera.testng.cases.PersonalCenterTest.editPasswordNotEqualWithConfirmed(PersonalCenterTest.java:100)
]]>
    </failure>
  </testcase> <!-- editPasswordNotEqualWithConfirmed -->
  <testcase name="clearAllCollection" time="26.687" classname="com.yiibai.primera.testng.cases.PersonalCenterTest"/>
  <testcase name="editPasswordEqualOld" time="54.071" classname="com.yiibai.primera.testng.cases.PersonalCenterTest">
    <failure type="java.lang.Throwable">
      <![CDATA[java.lang.Throwable
	at 
报错信息: 修改用户登录密码失败; expected [true] but found [false].
报错方法名:editPasswordEqualOld(
报错类:PersonalCenterTest
报错行号:76)
	at com.yiibai.primera.testng.cases.PersonalCenterTest.editPasswordEqualOld(PersonalCenterTest.java:76)
]]>
    </failure>
  </testcase> <!-- editPasswordEqualOld -->
  <testcase name="editUsernameConfirm" time="37.728" classname="com.yiibai.primera.testng.cases.PersonalCenterTest"/>
  <testcase name="editAccountExited" time="42.833" classname="com.yiibai.primera.testng.cases.PersonalCenterTest">
    <failure type="java.lang.Throwable">
      <![CDATA[java.lang.Throwable
	at 
报错信息: 编辑用户登录账号失败; expected [true] but found [false].
报错方法名:editAccountExited(
报错类:PersonalCenterTest
报错行号:54)
	at com.yiibai.primera.testng.cases.PersonalCenterTest.editAccountExited(PersonalCenterTest.java:54)
]]>
    </failure>
  </testcase> <!-- editAccountExited -->
</testsuite> <!-- com.yiibai.primera.testng.cases.PersonalCenterTest -->
