<?xml version="1.0" encoding="UTF-8"?>
<!-- Generated by org.testng.reporters.JUnitReportReporter -->
<testsuite hostname="cpj" name="com.yiibai.primera.testng.cases.NewsDetailsTest" tests="4" failures="0" timestamp="12 Sep 2017 10:25:21 GMT" time="47.096" errors="0">
  <testcase name="imageSwitch" time="12.076" classname="com.yiibai.primera.testng.cases.NewsDetailsTest"/>
  <testcase name="like" time="11.046" classname="com.yiibai.primera.testng.cases.NewsDetailsTest"/>
  <testcase name="comment" time="15.654" classname="com.yiibai.primera.testng.cases.NewsDetailsTest"/>
  <testcase name="collect" time="8.320" classname="com.yiibai.primera.testng.cases.NewsDetailsTest"/>
</testsuite> <!-- com.yiibai.primera.testng.cases.NewsDetailsTest -->
