<?xml version="1.0" encoding="UTF-8"?>
<!-- Generated by org.testng.reporters.JUnitReportReporter -->
<testsuite hostname="cpj" name="com.yiibai.primera.testng.cases.LoginTest" tests="4" failures="0" timestamp="13 Sep 2017 01:44:33 GMT" time="162.289" errors="0">
  <testcase name="loginErrorNum" time="40.571" classname="com.yiibai.primera.testng.cases.LoginTest"/>
  <testcase name="loginConfim" time="36.483" classname="com.yiibai.primera.testng.cases.LoginTest"/>
  <testcase name="loginChinese" time="40.593" classname="com.yiibai.primera.testng.cases.LoginTest"/>
  <testcase name="loginErrorUser" time="44.642" classname="com.yiibai.primera.testng.cases.LoginTest"/>
</testsuite> <!-- com.yiibai.primera.testng.cases.LoginTest -->
