<?xml version="1.0" encoding="UTF-8"?>
<!-- Generated by org.testng.reporters.JUnitReportReporter -->
<testsuite hostname="cpj" name="com.yiibai.primera.testng.cases.HomeTest" tests="4" failures="0" timestamp="12 Sep 2017 10:25:21 GMT" time="130.417" errors="0">
  <testcase name="searchByInput" time="42.158" classname="com.yiibai.primera.testng.cases.HomeTest"/>
  <testcase name="menusEdit" time="46.541" classname="com.yiibai.primera.testng.cases.HomeTest"/>
  <testcase name="morningPaper" time="7.964" classname="com.yiibai.primera.testng.cases.HomeTest"/>
  <testcase name="searchByHistory" time="33.754" classname="com.yiibai.primera.testng.cases.HomeTest"/>
</testsuite> <!-- com.yiibai.primera.testng.cases.HomeTest -->
