<?xml version="1.0" encoding="UTF-8"?>
<!-- Generated by org.testng.reporters.JUnitReportReporter -->
<testsuite hostname="cpj" name="com.yiibai.primera.testng.cases.RegisterTest" tests="13" failures="13" timestamp="27 Sep 2017 03:23:21 GMT" time="772.759" errors="0">
  <testcase name="PwdLessThanSix" time="63.551" classname="com.yiibai.primera.testng.cases.RegisterTest">
    <failure type="java.lang.Throwable">
      <![CDATA[java.lang.Throwable
	at 
报错信息: expected [true] but found [false].
报错方法名:PwdLessThanSix(
报错类:RegisterTest
报错行号:127)
	at com.yiibai.primera.testng.cases.RegisterTest.PwdLessThanSix(RegisterTest.java:127)
]]>
    </failure>
  </testcase> <!-- PwdLessThanSix -->
  <testcase name="PwdIsChinese" time="53.797" classname="com.yiibai.primera.testng.cases.RegisterTest">
    <failure type="java.lang.Throwable">
      <![CDATA[java.lang.Throwable
	at 
报错信息: expected [true] but found [false].
报错方法名:PwdIsChinese(
报错类:RegisterTest
报错行号:147)
	at com.yiibai.primera.testng.cases.RegisterTest.PwdIsChinese(RegisterTest.java:147)
]]>
    </failure>
  </testcase> <!-- PwdIsChinese -->
  <testcase name="RegisterExited" time="58.386" classname="com.yiibai.primera.testng.cases.RegisterTest">
    <failure type="java.lang.Throwable">
      <![CDATA[java.lang.Throwable
	at 
报错信息: expected [true] but found [false].
报错方法名:RegisterExited(
报错类:RegisterTest
报错行号:170)
	at com.yiibai.primera.testng.cases.RegisterTest.RegisterExited(RegisterTest.java:170)
]]>
    </failure>
  </testcase> <!-- RegisterExited -->
  <testcase name="EmailWrong" time="64.451" classname="com.yiibai.primera.testng.cases.RegisterTest">
    <failure type="java.lang.Throwable">
      <![CDATA[java.lang.Throwable
	at 
报错信息: expected [true] but found [false].
报错方法名:EmailWrong(
报错类:RegisterTest
报错行号:117)
	at com.yiibai.primera.testng.cases.RegisterTest.EmailWrong(RegisterTest.java:117)
]]>
    </failure>
  </testcase> <!-- EmailWrong -->
  <testcase name="EmailOnlyCharAitEnd" time="58.630" classname="com.yiibai.primera.testng.cases.RegisterTest">
    <failure type="java.lang.Throwable">
      <![CDATA[java.lang.Throwable
	at 
报错信息: expected [true] but found [false].
报错方法名:EmailOnlyCharAitEnd(
报错类:RegisterTest
报错行号:77)
	at com.yiibai.primera.testng.cases.RegisterTest.EmailOnlyCharAitEnd(RegisterTest.java:77)
]]>
    </failure>
  </testcase> <!-- EmailOnlyCharAitEnd -->
  <testcase name="EmailMissKeyCharAit" time="59.669" classname="com.yiibai.primera.testng.cases.RegisterTest">
    <failure type="java.lang.Throwable">
      <![CDATA[java.lang.Throwable
	at 
报错信息: expected [true] but found [false].
报错方法名:EmailMissKeyCharAit(
报错类:RegisterTest
报错行号:67)
	at com.yiibai.primera.testng.cases.RegisterTest.EmailMissKeyCharAit(RegisterTest.java:67)
]]>
    </failure>
  </testcase> <!-- EmailMissKeyCharAit -->
  <testcase name="RegisterOk" time="57.059" classname="com.yiibai.primera.testng.cases.RegisterTest">
    <failure type="java.lang.Throwable">
      <![CDATA[java.lang.Throwable
	at 
报错信息: expected [true] but found [false].
报错方法名:RegisterOk(
报错类:RegisterTest
报错行号:37)
	at com.yiibai.primera.testng.cases.RegisterTest.RegisterOk(RegisterTest.java:37)
]]>
    </failure>
  </testcase> <!-- RegisterOk -->
  <testcase name="EmailMissKeyChars" time="65.900" classname="com.yiibai.primera.testng.cases.RegisterTest">
    <failure type="java.lang.Throwable">
      <![CDATA[java.lang.Throwable
	at 
报错信息: expected [true] but found [false].
报错方法名:EmailMissKeyChars(
报错类:RegisterTest
报错行号:47)
	at com.yiibai.primera.testng.cases.RegisterTest.EmailMissKeyChars(RegisterTest.java:47)
]]>
    </failure>
  </testcase> <!-- EmailMissKeyChars -->
  <testcase name="EmailSpotEnd" time="57.874" classname="com.yiibai.primera.testng.cases.RegisterTest">
    <failure type="java.lang.Throwable">
      <![CDATA[java.lang.Throwable
	at 
报错信息: expected [true] but found [false].
报错方法名:EmailSpotEnd(
报错类:RegisterTest
报错行号:97)
	at com.yiibai.primera.testng.cases.RegisterTest.EmailSpotEnd(RegisterTest.java:97)
]]>
    </failure>
  </testcase> <!-- EmailSpotEnd -->
  <testcase name="EmailMissKeyCharSpot" time="60.428" classname="com.yiibai.primera.testng.cases.RegisterTest">
    <failure type="java.lang.Throwable">
      <![CDATA[java.lang.Throwable
	at 
报错信息: expected [true] but found [false].
报错方法名:EmailMissKeyCharSpot(
报错类:RegisterTest
报错行号:57)
	at com.yiibai.primera.testng.cases.RegisterTest.EmailMissKeyCharSpot(RegisterTest.java:57)
]]>
    </failure>
  </testcase> <!-- EmailMissKeyCharSpot -->
  <testcase name="EmailAtEnd" time="56.570" classname="com.yiibai.primera.testng.cases.RegisterTest">
    <failure type="java.lang.Throwable">
      <![CDATA[java.lang.Throwable
	at 
报错信息: expected [true] but found [false].
报错方法名:EmailAtEnd(
报错类:RegisterTest
报错行号:107)
	at com.yiibai.primera.testng.cases.RegisterTest.EmailAtEnd(RegisterTest.java:107)
]]>
    </failure>
  </testcase> <!-- EmailAtEnd -->
  <testcase name="PwdMoreThanTwentyFive" time="61.966" classname="com.yiibai.primera.testng.cases.RegisterTest">
    <failure type="java.lang.Throwable">
      <![CDATA[java.lang.Throwable
	at 
报错信息: expected [true] but found [false].
报错方法名:PwdMoreThanTwentyFive(
报错类:RegisterTest
报错行号:137)
	at com.yiibai.primera.testng.cases.RegisterTest.PwdMoreThanTwentyFive(RegisterTest.java:137)
]]>
    </failure>
  </testcase> <!-- PwdMoreThanTwentyFive -->
  <testcase name="EmailOnlyCharSpotEnd" time="54.478" classname="com.yiibai.primera.testng.cases.RegisterTest">
    <failure type="java.lang.Throwable">
      <![CDATA[java.lang.Throwable
	at 
报错信息: expected [true] but found [false].
报错方法名:EmailOnlyCharSpotEnd(
报错类:RegisterTest
报错行号:87)
	at com.yiibai.primera.testng.cases.RegisterTest.EmailOnlyCharSpotEnd(RegisterTest.java:87)
]]>
    </failure>
  </testcase> <!-- EmailOnlyCharSpotEnd -->
</testsuite> <!-- com.yiibai.primera.testng.cases.RegisterTest -->
