<?xml version="1.0" encoding="UTF-8"?>
<!-- Generated by org.testng.reporters.JUnitReportReporter -->
<testsuite hostname="cpj" name="com.yiibai.primera.testng.cases.NewsDetailsTest" tests="5" failures="0" timestamp="27 Sep 2017 03:23:21 GMT" time="78.465" errors="0">
  <testcase name="like" time="13.479" classname="com.yiibai.primera.testng.cases.NewsDetailsTest"/>
  <testcase name="fontSize" time="26.524" classname="com.yiibai.primera.testng.cases.NewsDetailsTest"/>
  <testcase name="collect" time="9.334" classname="com.yiibai.primera.testng.cases.NewsDetailsTest"/>
  <testcase name="imageSwitch" time="10.959" classname="com.yiibai.primera.testng.cases.NewsDetailsTest"/>
  <testcase name="comment" time="18.169" classname="com.yiibai.primera.testng.cases.NewsDetailsTest"/>
</testsuite> <!-- com.yiibai.primera.testng.cases.NewsDetailsTest -->
