<?xml version="1.0" encoding="UTF-8"?>
<!-- Generated by org.testng.reporters.JUnitReportReporter -->
<testsuite hostname="cpj" name="com.yiibai.primera.testng.cases.LoginTest" tests="4" failures="0" timestamp="12 Sep 2017 10:25:21 GMT" time="170.037" errors="0">
  <testcase name="loginErrorUser" time="46.649" classname="com.yiibai.primera.testng.cases.LoginTest"/>
  <testcase name="loginChinese" time="40.562" classname="com.yiibai.primera.testng.cases.LoginTest"/>
  <testcase name="loginErrorNum" time="43.697" classname="com.yiibai.primera.testng.cases.LoginTest"/>
  <testcase name="loginConfim" time="39.129" classname="com.yiibai.primera.testng.cases.LoginTest"/>
</testsuite> <!-- com.yiibai.primera.testng.cases.LoginTest -->
