<?xml version="1.0" encoding="UTF-8"?>
<!-- Generated by org.testng.reporters.JUnitReportReporter -->
<testsuite hostname="cpj" name="com.yiibai.primera.testng.cases.PersonalCenterTest" tests="15" failures="9" timestamp="22 Sep 2017 04:24:50 GMT" time="456.892" errors="0">
  <testcase name="editUsernameConfirm" time="26.496" classname="com.yiibai.primera.testng.cases.PersonalCenterTest"/>
  <testcase name="editPasswordNotEqualWithConfirmed" time="42.924" classname="com.yiibai.primera.testng.cases.PersonalCenterTest">
    <failure type="java.lang.Throwable">
      <![CDATA[java.lang.Throwable
	at 
报错信息: 修改用户登录密码失败; expected [true] but found [false].
报错方法名:editPasswordNotEqualWithConfirmed(
报错类:PersonalCenterTest
报错行号:100)
	at com.yiibai.primera.testng.cases.PersonalCenterTest.editPasswordNotEqualWithConfirmed(PersonalCenterTest.java:100)
]]>
    </failure>
  </testcase> <!-- editPasswordNotEqualWithConfirmed -->
  <testcase name="Logout" time="3.334" classname="com.yiibai.primera.testng.cases.PersonalCenterTest">
    <failure type="java.lang.Throwable">
      <![CDATA[java.lang.Throwable
	at 
报错信息: 请定位到APP个人中心界面！ expected [true] but found [false].
报错方法名:Logout(
报错类:PersonalCenterTest
报错行号:145)
	at com.yiibai.primera.testng.cases.PersonalCenterTest.Logout(PersonalCenterTest.java:145)
]]>
    </failure>
  </testcase> <!-- Logout -->
  <testcase name="editAccountConfirm" time="29.140" classname="com.yiibai.primera.testng.cases.PersonalCenterTest"/>
  <testcase name="editPasswordWrongOldPwd" time="42.320" classname="com.yiibai.primera.testng.cases.PersonalCenterTest">
    <failure type="java.lang.Throwable">
      <![CDATA[java.lang.Throwable
	at 
报错信息: 修改用户登录密码失败; expected [true] but found [false].
报错方法名:editPasswordWrongOldPwd(
报错类:PersonalCenterTest
报错行号:82)
	at com.yiibai.primera.testng.cases.PersonalCenterTest.editPasswordWrongOldPwd(PersonalCenterTest.java:82)
]]>
    </failure>
  </testcase> <!-- editPasswordWrongOldPwd -->
  <testcase name="editAccountLessThanSixChars" time="32.785" classname="com.yiibai.primera.testng.cases.PersonalCenterTest">
    <failure type="java.lang.Throwable">
      <![CDATA[java.lang.Throwable
	at 
报错信息: 编辑用户登录账号失败; expected [true] but found [false].
报错方法名:editAccountLessThanSixChars(
报错类:PersonalCenterTest
报错行号:60)
	at com.yiibai.primera.testng.cases.PersonalCenterTest.editAccountLessThanSixChars(PersonalCenterTest.java:60)
]]>
    </failure>
  </testcase> <!-- editAccountLessThanSixChars -->
  <testcase name="editAccountExited" time="32.501" classname="com.yiibai.primera.testng.cases.PersonalCenterTest">
    <failure type="java.lang.Throwable">
      <![CDATA[java.lang.Throwable
	at 
报错信息: 编辑用户登录账号失败; expected [true] but found [false].
报错方法名:editAccountExited(
报错类:PersonalCenterTest
报错行号:54)
	at com.yiibai.primera.testng.cases.PersonalCenterTest.editAccountExited(PersonalCenterTest.java:54)
]]>
    </failure>
  </testcase> <!-- editAccountExited -->
  <testcase name="clearAllCollection" time="7.607" classname="com.yiibai.primera.testng.cases.PersonalCenterTest"/>
  <testcase name="clearCache" time="12.591" classname="com.yiibai.primera.testng.cases.PersonalCenterTest"/>
  <testcase name="clearFirstCollection" time="24.206" classname="com.yiibai.primera.testng.cases.PersonalCenterTest"/>
  <testcase name="editUsernameLessThanFourChars" time="34.430" classname="com.yiibai.primera.testng.cases.PersonalCenterTest">
    <failure type="java.lang.Throwable">
      <![CDATA[java.lang.Throwable
	at 
报错信息: 编辑用户昵称失败;---(编辑前后用户昵称不一致); expected [true] but found [false].
报错方法名:editUsernameLessThanFourChars(
报错类:PersonalCenterTest
报错行号:44)
	at com.yiibai.primera.testng.cases.PersonalCenterTest.editUsernameLessThanFourChars(PersonalCenterTest.java:44)
]]>
    </failure>
  </testcase> <!-- editUsernameLessThanFourChars -->
  <testcase name="editPasswordConfirm" time="40.251" classname="com.yiibai.primera.testng.cases.PersonalCenterTest"/>
  <testcase name="editPasswordEqualOld" time="44.805" classname="com.yiibai.primera.testng.cases.PersonalCenterTest">
    <failure type="java.lang.Throwable">
      <![CDATA[java.lang.Throwable
	at 
报错信息: 修改用户登录密码失败; expected [true] but found [false].
报错方法名:editPasswordEqualOld(
报错类:PersonalCenterTest
报错行号:76)
	at com.yiibai.primera.testng.cases.PersonalCenterTest.editPasswordEqualOld(PersonalCenterTest.java:76)
]]>
    </failure>
  </testcase> <!-- editPasswordEqualOld -->
  <testcase name="editPasswordMoreThanTwentyFiveChars" time="40.905" classname="com.yiibai.primera.testng.cases.PersonalCenterTest">
    <failure type="java.lang.Throwable">
      <![CDATA[java.lang.Throwable
	at 
报错信息: 修改用户登录密码失败; expected [true] but found [false].
报错方法名:editPasswordMoreThanTwentyFiveChars(
报错类:PersonalCenterTest
报错行号:94)
	at com.yiibai.primera.testng.cases.PersonalCenterTest.editPasswordMoreThanTwentyFiveChars(PersonalCenterTest.java:94)
]]>
    </failure>
  </testcase> <!-- editPasswordMoreThanTwentyFiveChars -->
  <testcase name="editPasswordLessThanSixChars" time="42.597" classname="com.yiibai.primera.testng.cases.PersonalCenterTest">
    <failure type="java.lang.Throwable">
      <![CDATA[java.lang.Throwable
	at 
报错信息: 修改用户登录密码失败; expected [true] but found [false].
报错方法名:editPasswordLessThanSixChars(
报错类:PersonalCenterTest
报错行号:88)
	at com.yiibai.primera.testng.cases.PersonalCenterTest.editPasswordLessThanSixChars(PersonalCenterTest.java:88)
]]>
    </failure>
  </testcase> <!-- editPasswordLessThanSixChars -->
</testsuite> <!-- com.yiibai.primera.testng.cases.PersonalCenterTest -->
