<?xml version="1.0" encoding="UTF-8"?>
<!-- Generated by org.testng.reporters.JUnitReportReporter -->
<testsuite hostname="cpj" name="com.yiibai.primera.testng.cases.HomeTest" tests="4" failures="1" timestamp="4 Sep 2017 10:19:48 GMT" time="111.862" errors="0">
  <testcase name="morningPaper" time="7.856" classname="com.yiibai.primera.testng.cases.HomeTest"/>
  <testcase name="search2" time="8.381" classname="com.yiibai.primera.testng.cases.HomeTest">
    <failure type="java.lang.Throwable">
      <![CDATA[java.lang.Throwable
	at 
报错信息: 首页搜索验证 expected [true] but found [false].
报错方法名:search2(
报错类:HomeTest
报错行号:67)
	at com.yiibai.primera.testng.cases.HomeTest.search2(HomeTest.java:67)
]]>
    </failure>
  </testcase> <!-- search2 -->
  <testcase name="menusEdit" time="73.713" classname="com.yiibai.primera.testng.cases.HomeTest"/>
  <testcase name="search1" time="21.912" classname="com.yiibai.primera.testng.cases.HomeTest"/>
</testsuite> <!-- com.yiibai.primera.testng.cases.HomeTest -->
