<?xml version="1.0" encoding="UTF-8"?>
<!-- Generated by org.testng.reporters.JUnitReportReporter -->
<testsuite hostname="cpj" name="com.yiibai.primera.testng.cases.HomeTest" tests="8" failures="1" timestamp="26 Sep 2017 07:42:09 GMT" time="354.454" errors="0">
  <testcase name="searchByHistory" time="49.681" classname="com.yiibai.primera.testng.cases.HomeTest"/>
  <testcase name="changeTopMenus" time="28.495" classname="com.yiibai.primera.testng.cases.HomeTest"/>
  <testcase name="changeToVideos" time="16.617" classname="com.yiibai.primera.testng.cases.HomeTest"/>
  <testcase name="morningPaper" time="9.851" classname="com.yiibai.primera.testng.cases.HomeTest"/>
  <testcase name="searchByInputEnglish" time="64.042" classname="com.yiibai.primera.testng.cases.HomeTest"/>
  <testcase name="searchByInputChinese" time="45.425" classname="com.yiibai.primera.testng.cases.HomeTest"/>
  <testcase name="clearSearchedHistory" time="14.060" classname="com.yiibai.primera.testng.cases.HomeTest">
    <failure type="java.lang.Throwable">
      <![CDATA[java.lang.Throwable
	at 
报错信息: 暂时没有搜索历史！ expected [true] but found [false].
报错方法名:clearSearchedHistory(
报错类:HomeTest
报错行号:80)
	at com.yiibai.primera.testng.cases.HomeTest.clearSearchedHistory(HomeTest.java:80)
]]>
    </failure>
  </testcase> <!-- clearSearchedHistory -->
  <testcase name="autoMenuEdit" time="126.283" classname="com.yiibai.primera.testng.cases.HomeTest"/>
</testsuite> <!-- com.yiibai.primera.testng.cases.HomeTest -->
