<?xml version="1.0" encoding="UTF-8"?>
<!-- Generated by org.testng.reporters.JUnitReportReporter -->
<testsuite hostname="cpj" name="com.yiibai.primera.testng.cases.VideoTest" tests="4" failures="0" timestamp="27 Sep 2017 03:23:21 GMT" time="82.013" errors="0">
  <testcase name="like" time="13.992" classname="com.yiibai.primera.testng.cases.VideoTest"/>
  <testcase name="fontSize" time="23.434" classname="com.yiibai.primera.testng.cases.VideoTest"/>
  <testcase name="comment" time="35.988" classname="com.yiibai.primera.testng.cases.VideoTest"/>
  <testcase name="collect" time="8.599" classname="com.yiibai.primera.testng.cases.VideoTest"/>
</testsuite> <!-- com.yiibai.primera.testng.cases.VideoTest -->
