<?xml version="1.0" encoding="UTF-8"?>
<!-- Generated by org.testng.reporters.JUnitReportReporter -->
<testsuite hostname="cpj" name="com.yiibai.primera.testng.cases.NewsDetailsTest" tests="4" failures="0" timestamp="13 Sep 2017 01:44:33 GMT" time="49.307" errors="0">
  <testcase name="comment" time="17.108" classname="com.yiibai.primera.testng.cases.NewsDetailsTest"/>
  <testcase name="imageSwitch" time="10.288" classname="com.yiibai.primera.testng.cases.NewsDetailsTest"/>
  <testcase name="collect" time="9.171" classname="com.yiibai.primera.testng.cases.NewsDetailsTest"/>
  <testcase name="like" time="12.740" classname="com.yiibai.primera.testng.cases.NewsDetailsTest"/>
</testsuite> <!-- com.yiibai.primera.testng.cases.NewsDetailsTest -->
