<?xml version="1.0" encoding="UTF-8"?>
<!-- Generated by org.testng.reporters.JUnitReportReporter -->
<testsuite hostname="cpj" name="com.yiibai.primera.testng.cases.HomeTest" tests="6" failures="0" timestamp="22 Sep 2017 04:24:50 GMT" time="248.897" errors="0">
  <testcase name="morningPaper" time="10.756" classname="com.yiibai.primera.testng.cases.HomeTest"/>
  <testcase name="searchByHistory" time="38.829" classname="com.yiibai.primera.testng.cases.HomeTest"/>
  <testcase name="searchByInputEnglish" time="47.794" classname="com.yiibai.primera.testng.cases.HomeTest"/>
  <testcase name="searchByInputChinese" time="40.632" classname="com.yiibai.primera.testng.cases.HomeTest"/>
  <testcase name="autoMenuEdit" time="97.796" classname="com.yiibai.primera.testng.cases.HomeTest"/>
  <testcase name="clearSearchedHistory" time="13.090" classname="com.yiibai.primera.testng.cases.HomeTest"/>
</testsuite> <!-- com.yiibai.primera.testng.cases.HomeTest -->
