<?xml version="1.0" encoding="UTF-8"?>
<!-- Generated by org.testng.reporters.JUnitReportReporter -->
<testsuite hostname="cpj" name="com.yiibai.primera.testng.cases.RegisterTest" tests="13" failures="13" timestamp="22 Sep 2017 04:24:50 GMT" time="683.839" errors="0">
  <testcase name="EmailOnlyCharSpotEnd" time="50.660" classname="com.yiibai.primera.testng.cases.RegisterTest">
    <failure type="java.lang.Throwable">
      <![CDATA[java.lang.Throwable
	at 
报错信息: expected [true] but found [false].
报错方法名:EmailOnlyCharSpotEnd(
报错类:RegisterTest
报错行号:86)
	at com.yiibai.primera.testng.cases.RegisterTest.EmailOnlyCharSpotEnd(RegisterTest.java:86)
]]>
    </failure>
  </testcase> <!-- EmailOnlyCharSpotEnd -->
  <testcase name="EmailMissKeyChars" time="58.331" classname="com.yiibai.primera.testng.cases.RegisterTest">
    <failure type="java.lang.Throwable">
      <![CDATA[java.lang.Throwable
	at 
报错信息: expected [true] but found [false].
报错方法名:EmailMissKeyChars(
报错类:RegisterTest
报错行号:46)
	at com.yiibai.primera.testng.cases.RegisterTest.EmailMissKeyChars(RegisterTest.java:46)
]]>
    </failure>
  </testcase> <!-- EmailMissKeyChars -->
  <testcase name="PwdIsChinese" time="48.461" classname="com.yiibai.primera.testng.cases.RegisterTest">
    <failure type="java.lang.Throwable">
      <![CDATA[java.lang.Throwable
	at 
报错信息: expected [true] but found [false].
报错方法名:PwdIsChinese(
报错类:RegisterTest
报错行号:146)
	at com.yiibai.primera.testng.cases.RegisterTest.PwdIsChinese(RegisterTest.java:146)
]]>
    </failure>
  </testcase> <!-- PwdIsChinese -->
  <testcase name="EmailOnlyCharAitEnd" time="53.652" classname="com.yiibai.primera.testng.cases.RegisterTest">
    <failure type="java.lang.Throwable">
      <![CDATA[java.lang.Throwable
	at 
报错信息: expected [true] but found [false].
报错方法名:EmailOnlyCharAitEnd(
报错类:RegisterTest
报错行号:76)
	at com.yiibai.primera.testng.cases.RegisterTest.EmailOnlyCharAitEnd(RegisterTest.java:76)
]]>
    </failure>
  </testcase> <!-- EmailOnlyCharAitEnd -->
  <testcase name="EmailAtEnd" time="53.730" classname="com.yiibai.primera.testng.cases.RegisterTest">
    <failure type="java.lang.Throwable">
      <![CDATA[java.lang.Throwable
	at 
报错信息: expected [true] but found [false].
报错方法名:EmailAtEnd(
报错类:RegisterTest
报错行号:106)
	at com.yiibai.primera.testng.cases.RegisterTest.EmailAtEnd(RegisterTest.java:106)
]]>
    </failure>
  </testcase> <!-- EmailAtEnd -->
  <testcase name="EmailMissKeyCharSpot" time="52.973" classname="com.yiibai.primera.testng.cases.RegisterTest">
    <failure type="java.lang.Throwable">
      <![CDATA[java.lang.Throwable
	at 
报错信息: expected [true] but found [false].
报错方法名:EmailMissKeyCharSpot(
报错类:RegisterTest
报错行号:56)
	at com.yiibai.primera.testng.cases.RegisterTest.EmailMissKeyCharSpot(RegisterTest.java:56)
]]>
    </failure>
  </testcase> <!-- EmailMissKeyCharSpot -->
  <testcase name="EmailSpotEnd" time="52.643" classname="com.yiibai.primera.testng.cases.RegisterTest">
    <failure type="java.lang.Throwable">
      <![CDATA[java.lang.Throwable
	at 
报错信息: expected [true] but found [false].
报错方法名:EmailSpotEnd(
报错类:RegisterTest
报错行号:96)
	at com.yiibai.primera.testng.cases.RegisterTest.EmailSpotEnd(RegisterTest.java:96)
]]>
    </failure>
  </testcase> <!-- EmailSpotEnd -->
  <testcase name="RegisterOk" time="48.911" classname="com.yiibai.primera.testng.cases.RegisterTest">
    <failure type="java.lang.Throwable">
      <![CDATA[java.lang.Throwable
	at 
报错信息: expected [true] but found [false].
报错方法名:RegisterOk(
报错类:RegisterTest
报错行号:36)
	at com.yiibai.primera.testng.cases.RegisterTest.RegisterOk(RegisterTest.java:36)
]]>
    </failure>
  </testcase> <!-- RegisterOk -->
  <testcase name="EmailMissKeyCharAit" time="55.379" classname="com.yiibai.primera.testng.cases.RegisterTest">
    <failure type="java.lang.Throwable">
      <![CDATA[java.lang.Throwable
	at 
报错信息: expected [true] but found [false].
报错方法名:EmailMissKeyCharAit(
报错类:RegisterTest
报错行号:66)
	at com.yiibai.primera.testng.cases.RegisterTest.EmailMissKeyCharAit(RegisterTest.java:66)
]]>
    </failure>
  </testcase> <!-- EmailMissKeyCharAit -->
  <testcase name="RegisterExited" time="50.054" classname="com.yiibai.primera.testng.cases.RegisterTest">
    <failure type="java.lang.Throwable">
      <![CDATA[java.lang.Throwable
	at 
报错信息: expected [true] but found [false].
报错方法名:RegisterExited(
报错类:RegisterTest
报错行号:169)
	at com.yiibai.primera.testng.cases.RegisterTest.RegisterExited(RegisterTest.java:169)
]]>
    </failure>
  </testcase> <!-- RegisterExited -->
  <testcase name="PwdLessThanSix" time="51.203" classname="com.yiibai.primera.testng.cases.RegisterTest">
    <failure type="java.lang.Throwable">
      <![CDATA[java.lang.Throwable
	at 
报错信息: expected [true] but found [false].
报错方法名:PwdLessThanSix(
报错类:RegisterTest
报错行号:126)
	at com.yiibai.primera.testng.cases.RegisterTest.PwdLessThanSix(RegisterTest.java:126)
]]>
    </failure>
  </testcase> <!-- PwdLessThanSix -->
  <testcase name="PwdMoreThanTwentyFive" time="52.779" classname="com.yiibai.primera.testng.cases.RegisterTest">
    <failure type="java.lang.Throwable">
      <![CDATA[java.lang.Throwable
	at 
报错信息: expected [true] but found [false].
报错方法名:PwdMoreThanTwentyFive(
报错类:RegisterTest
报错行号:136)
	at com.yiibai.primera.testng.cases.RegisterTest.PwdMoreThanTwentyFive(RegisterTest.java:136)
]]>
    </failure>
  </testcase> <!-- PwdMoreThanTwentyFive -->
  <testcase name="EmailWrong" time="55.063" classname="com.yiibai.primera.testng.cases.RegisterTest">
    <failure type="java.lang.Throwable">
      <![CDATA[java.lang.Throwable
	at 
报错信息: expected [true] but found [false].
报错方法名:EmailWrong(
报错类:RegisterTest
报错行号:116)
	at com.yiibai.primera.testng.cases.RegisterTest.EmailWrong(RegisterTest.java:116)
]]>
    </failure>
  </testcase> <!-- EmailWrong -->
</testsuite> <!-- com.yiibai.primera.testng.cases.RegisterTest -->
