<?xml version="1.0" encoding="UTF-8"?>
<!-- Generated by org.testng.reporters.JUnitReportReporter -->
<testsuite hostname="cpj" name="com.yiibai.primera.testng.cases.NewsDetailsTest" tests="5" failures="1" timestamp="26 Sep 2017 07:42:09 GMT" time="77.209" errors="0">
  <testcase name="comment" time="18.210" classname="com.yiibai.primera.testng.cases.NewsDetailsTest"/>
  <testcase name="like" time="13.677" classname="com.yiibai.primera.testng.cases.NewsDetailsTest">
    <failure type="java.lang.Throwable">
      <![CDATA[java.lang.Throwable
	at 
报错信息: expected [true] but found [false].
报错方法名:like(
报错类:NewsDetailsTest
报错行号:56)
	at com.yiibai.primera.testng.cases.NewsDetailsTest.like(NewsDetailsTest.java:56)
]]>
    </failure>
  </testcase> <!-- like -->
  <testcase name="fontSize" time="26.078" classname="com.yiibai.primera.testng.cases.NewsDetailsTest"/>
  <testcase name="collect" time="8.685" classname="com.yiibai.primera.testng.cases.NewsDetailsTest"/>
  <testcase name="imageSwitch" time="10.559" classname="com.yiibai.primera.testng.cases.NewsDetailsTest"/>
</testsuite> <!-- com.yiibai.primera.testng.cases.NewsDetailsTest -->
