<?xml version="1.0" encoding="UTF-8"?>
<!-- Generated by org.testng.reporters.JUnitReportReporter -->
<testsuite hostname="cpj" name="com.yiibai.primera.testng.cases.Home" tests="1" failures="0" timestamp="23 Aug 2017 03:55:35 GMT" time="17.361" errors="0">
  <testcase name="menusEdit" time="17.361" classname="com.yiibai.primera.testng.cases.Home"/>
</testsuite> <!-- com.yiibai.primera.testng.cases.Home -->
